2014-11-08 14:40:24.135 [Worker-6] INFO    com.objectaid.uml.model.manage.DiagramManager getFactories: com.objectaid.uml.diagramFactories[ucls]: com.objectaid.uml.cls.model.ClassDiagramFactory@3361e519
2014-11-08 14:40:24.142 [Worker-6] INFO    com.objectaid.uml.model.manage.DiagramManager getFactories: com.objectaid.uml.diagramFactories[useq]: com.objectaid.uml.seq.model.SequenceDiagramFactory@d395ebe
2014-11-08 14:40:24.336 [pool-1-thread-1] WARNING com.objectaid.uml.util.EclipseHelper loadClass: cannot find com.objectaid.uml.addon.doc.TextLink in [], no license for [com.objectaid.uml.addon]
2014-11-08 14:40:24.339 [pool-1-thread-1] WARNING com.objectaid.uml.util.EclipseHelper loadClass: cannot find com.objectaid.uml.addon.doc.TextLinkEditPart in [], no license for [com.objectaid.uml.addon]
2014-11-08 14:40:24.340 [pool-1-thread-1] WARNING com.objectaid.uml.util.EclipseHelper loadClass: cannot find com.objectaid.uml.addon.doc.PTextLink in [], no license for [com.objectaid.uml.addon]
2014-11-08 14:40:24.342 [pool-1-thread-1] WARNING com.objectaid.uml.util.EclipseHelper loadClass: cannot find com.objectaid.uml.model.diagram.ConnectionEnd in [], no license for [com.objectaid.uml.addon]
2014-11-08 14:40:24.343 [pool-1-thread-1] WARNING com.objectaid.uml.util.EclipseHelper loadClass: cannot find com.objectaid.uml.model.persistence.PersistedConnectionEnd in [], no license for [com.objectaid.uml.addon]
2014-11-08 14:40:24.344 [pool-1-thread-1] WARNING com.objectaid.uml.util.EclipseHelper loadClass: cannot find com.objectaid.uml.addon.doc.TextNodeDefinition in [com.objectaid.uml.cls], no license for [com.objectaid.uml.addon]
2014-11-08 14:40:24.628 [pool-1-thread-1] INFO    com.objectaid.uml.model.manage.LanguageElementManager getLanguageElementFactories: com.objectaid.uml.languageElementFactories: com.objectaid.uml.java.JavaElementFactory
2014-11-08 14:40:25.980 [pool-1-thread-1] INFO    com.objectaid.uml.util.extend.ExecutableExtensionManager loadExtensions: found com.objectaid.uml.renderFormats="com.objectaid.uml.render.RasterRenderFormat" class="com.objectaid.uml.render.RasterRenderFormat" name="PNG" extension="png" antialias="true" format="5" 
2014-11-08 14:40:25.984 [pool-1-thread-1] INFO    com.objectaid.uml.util.extend.ExecutableExtensionManager loadExtensions: found com.objectaid.uml.renderFormats="com.objectaid.uml.render.RasterRenderFormat" class="com.objectaid.uml.render.RasterRenderFormat" name="JPEG" extension="jpg" antialias="true" format="4" 
2014-11-08 14:40:25.986 [pool-1-thread-1] INFO    com.objectaid.uml.util.extend.ExecutableExtensionManager loadExtensions: found com.objectaid.uml.renderFormats="com.objectaid.uml.render.IndexedRasterRenderFormat" class="com.objectaid.uml.render.IndexedRasterRenderFormat" name="GIF" extension="gif" antialias="false" format="2" 
2014-11-08 14:40:25.987 [pool-1-thread-1] WARNING com.objectaid.uml.util.EclipseHelper loadClass: cannot find com.objectaid.uml.addon.render.SVGRenderFormat in [], no license for [com.objectaid.uml.addon]
2014-11-08 14:40:25.990 [pool-1-thread-1] INFO    com.objectaid.uml.util.extend.ExecutableExtensionManager loadExtensions: found com.objectaid.uml.renderFormats='com.objectaid.uml.addon.render.SVGRenderFormat' but cannot load class
2014-11-08 14:40:25.997 [pool-1-thread-1] WARNING com.objectaid.uml.util.EclipseHelper loadClass: cannot find com.objectaid.uml.addon.render.PDFRenderFormat in [], no license for [com.objectaid.uml.addon]
2014-11-08 14:40:25.998 [pool-1-thread-1] INFO    com.objectaid.uml.util.extend.ExecutableExtensionManager loadExtensions: found com.objectaid.uml.renderFormats='com.objectaid.uml.addon.render.PDFRenderFormat' but cannot load class
2014-11-08 14:40:26.034 [pool-1-thread-1] WARNING com.objectaid.uml.java.JavaRelationshipCandidateFactory createIdentifier: Cannot find type 'String' referenced by '/sha/ch.marclandolt.spa.backend.XmppService'.
java.lang.Throwable: Cannot find type 'String' referenced by '/sha/ch.marclandolt.spa.backend.XmppService'.
	at com.objectaid.uml.java.JavaRelationshipCandidateFactory.createIdentifier(JavaRelationshipCandidateFactory.java:54)
	at com.objectaid.uml.java.AssociationCandidateFactory.addCandidates(AssociationCandidateFactory.java:136)
	at com.objectaid.uml.java.AssociationCandidateFactory.createCandidates(AssociationCandidateFactory.java:77)
	at com.objectaid.uml.model.impl.RelationshipCandidateFactory.getCandidates(RelationshipCandidateFactory.java:54)
	at com.objectaid.uml.cls.model.RelationshipFactory.getCandidates(RelationshipFactory.java:245)
	at com.objectaid.uml.cls.model.definition.RelationshipDefinition.validateEnd(RelationshipDefinition.java:91)
	at com.objectaid.uml.cls.model.definition.AssociationDefinition.validateEnd(AssociationDefinition.java:131)
	at com.objectaid.uml.cls.model.definition.AssociationDefinition.validateEnd(AssociationDefinition.java:32)
	at com.objectaid.uml.cls.model.definition.RelationshipDefinition.doConnect(RelationshipDefinition.java:64)
	at com.objectaid.uml.cls.model.definition.RelationshipDefinition.doConnect(RelationshipDefinition.java:35)
	at com.objectaid.uml.model.definition.ModelDefinition.connect(ModelDefinition.java:228)
	at com.objectaid.uml.model.persistence.UnmarshalDiagramVisitor.doVisit(UnmarshalDiagramVisitor.java:75)
	at com.objectaid.uml.model.persistence.UnmarshalDiagramVisitor.doVisit(UnmarshalDiagramVisitor.java:26)
	at com.objectaid.uml.util.collection.GenericVisitor.visit(GenericVisitor.java:40)
	at com.objectaid.uml.model.persistence.PersistedConnection.accept(PersistedConnection.java:39)
	at com.objectaid.uml.model.persistence.PersistedDiagram.accept(PersistedDiagram.java:45)
	at com.objectaid.uml.model.diagram.DiagramFactory.unmarshal(DiagramFactory.java:243)
	at com.objectaid.uml.model.DiagramHandle.unmarshalModel(DiagramHandle.java:206)
	at com.objectaid.uml.model.DiagramHandle.unmarshal(DiagramHandle.java:155)
	at com.objectaid.uml.model.manage.DiagramManager.add(DiagramManager.java:104)
	at com.objectaid.uml.model.manage.StartupJob$2.run(StartupJob.java:83)
	at java.util.concurrent.ThreadPoolExecutor.runWorker(ThreadPoolExecutor.java:1145)
	at java.util.concurrent.ThreadPoolExecutor$Worker.run(ThreadPoolExecutor.java:615)
	at java.lang.Thread.run(Thread.java:745)

2014-11-08 14:40:26.047 [pool-1-thread-1] WARNING com.objectaid.uml.java.JavaRelationshipCandidateFactory createIdentifier: Cannot find type 'String' referenced by '/sha/ch.marclandolt.spa.backend.XmppService'.
java.lang.Throwable: Cannot find type 'String' referenced by '/sha/ch.marclandolt.spa.backend.XmppService'.
	at com.objectaid.uml.java.JavaRelationshipCandidateFactory.createIdentifier(JavaRelationshipCandidateFactory.java:54)
	at com.objectaid.uml.java.AssociationCandidateFactory.addCandidates(AssociationCandidateFactory.java:136)
	at com.objectaid.uml.java.AssociationCandidateFactory.createCandidates(AssociationCandidateFactory.java:77)
	at com.objectaid.uml.model.impl.RelationshipCandidateFactory.getCandidates(RelationshipCandidateFactory.java:54)
	at com.objectaid.uml.cls.model.RelationshipFactory.getCandidates(RelationshipFactory.java:245)
	at com.objectaid.uml.cls.model.definition.RelationshipDefinition.validateEnd(RelationshipDefinition.java:91)
	at com.objectaid.uml.cls.model.definition.AssociationDefinition.validateEnd(AssociationDefinition.java:131)
	at com.objectaid.uml.cls.model.definition.AssociationDefinition.validateEnd(AssociationDefinition.java:32)
	at com.objectaid.uml.cls.model.definition.RelationshipDefinition.doConnect(RelationshipDefinition.java:64)
	at com.objectaid.uml.cls.model.definition.RelationshipDefinition.doConnect(RelationshipDefinition.java:35)
	at com.objectaid.uml.model.definition.ModelDefinition.connect(ModelDefinition.java:228)
	at com.objectaid.uml.model.persistence.UnmarshalDiagramVisitor.doVisit(UnmarshalDiagramVisitor.java:75)
	at com.objectaid.uml.model.persistence.UnmarshalDiagramVisitor.doVisit(UnmarshalDiagramVisitor.java:26)
	at com.objectaid.uml.util.collection.GenericVisitor.visit(GenericVisitor.java:40)
	at com.objectaid.uml.model.persistence.PersistedConnection.accept(PersistedConnection.java:39)
	at com.objectaid.uml.model.persistence.PersistedDiagram.accept(PersistedDiagram.java:45)
	at com.objectaid.uml.model.diagram.DiagramFactory.unmarshal(DiagramFactory.java:243)
	at com.objectaid.uml.model.DiagramHandle.unmarshalModel(DiagramHandle.java:206)
	at com.objectaid.uml.model.DiagramHandle.unmarshal(DiagramHandle.java:155)
	at com.objectaid.uml.model.manage.DiagramManager.add(DiagramManager.java:104)
	at com.objectaid.uml.model.manage.StartupJob$2.run(StartupJob.java:83)
	at java.util.concurrent.ThreadPoolExecutor.runWorker(ThreadPoolExecutor.java:1145)
	at java.util.concurrent.ThreadPoolExecutor$Worker.run(ThreadPoolExecutor.java:615)
	at java.lang.Thread.run(Thread.java:745)

2014-11-08 14:40:26.056 [pool-1-thread-1] WARNING com.objectaid.uml.java.JavaRelationshipCandidateFactory createIdentifier: Cannot find type 'String' referenced by '/sha/ch.marclandolt.spa.backend.XmppService'.
java.lang.Throwable: Cannot find type 'String' referenced by '/sha/ch.marclandolt.spa.backend.XmppService'.
	at com.objectaid.uml.java.JavaRelationshipCandidateFactory.createIdentifier(JavaRelationshipCandidateFactory.java:54)
	at com.objectaid.uml.java.AssociationCandidateFactory.addCandidates(AssociationCandidateFactory.java:136)
	at com.objectaid.uml.java.AssociationCandidateFactory.createCandidates(AssociationCandidateFactory.java:77)
	at com.objectaid.uml.model.impl.RelationshipCandidateFactory.getCandidates(RelationshipCandidateFactory.java:54)
	at com.objectaid.uml.cls.model.RelationshipFactory.getCandidates(RelationshipFactory.java:245)
	at com.objectaid.uml.cls.model.definition.RelationshipDefinition.validateEnd(RelationshipDefinition.java:91)
	at com.objectaid.uml.cls.model.definition.AssociationDefinition.validateEnd(AssociationDefinition.java:131)
	at com.objectaid.uml.cls.model.definition.AssociationDefinition.validateEnd(AssociationDefinition.java:32)
	at com.objectaid.uml.cls.model.definition.RelationshipDefinition.doConnect(RelationshipDefinition.java:64)
	at com.objectaid.uml.cls.model.definition.RelationshipDefinition.doConnect(RelationshipDefinition.java:35)
	at com.objectaid.uml.model.definition.ModelDefinition.connect(ModelDefinition.java:228)
	at com.objectaid.uml.model.persistence.UnmarshalDiagramVisitor.doVisit(UnmarshalDiagramVisitor.java:75)
	at com.objectaid.uml.model.persistence.UnmarshalDiagramVisitor.doVisit(UnmarshalDiagramVisitor.java:26)
	at com.objectaid.uml.util.collection.GenericVisitor.visit(GenericVisitor.java:40)
	at com.objectaid.uml.model.persistence.PersistedConnection.accept(PersistedConnection.java:39)
	at com.objectaid.uml.model.persistence.PersistedDiagram.accept(PersistedDiagram.java:45)
	at com.objectaid.uml.model.diagram.DiagramFactory.unmarshal(DiagramFactory.java:243)
	at com.objectaid.uml.model.DiagramHandle.unmarshalModel(DiagramHandle.java:206)
	at com.objectaid.uml.model.DiagramHandle.unmarshal(DiagramHandle.java:155)
	at com.objectaid.uml.model.manage.DiagramManager.add(DiagramManager.java:104)
	at com.objectaid.uml.model.manage.StartupJob$2.run(StartupJob.java:83)
	at java.util.concurrent.ThreadPoolExecutor.runWorker(ThreadPoolExecutor.java:1145)
	at java.util.concurrent.ThreadPoolExecutor$Worker.run(ThreadPoolExecutor.java:615)
	at java.lang.Thread.run(Thread.java:745)

2014-11-08 14:40:26.083 [pool-1-thread-1] WARNING com.objectaid.uml.java.JavaRelationshipCandidateFactory createIdentifier: Cannot find type 'String' referenced by '/sha/ch.marclandolt.spa.backend.XmppService'.
java.lang.Throwable: Cannot find type 'String' referenced by '/sha/ch.marclandolt.spa.backend.XmppService'.
	at com.objectaid.uml.java.JavaRelationshipCandidateFactory.createIdentifier(JavaRelationshipCandidateFactory.java:54)
	at com.objectaid.uml.java.AssociationCandidateFactory.addCandidates(AssociationCandidateFactory.java:136)
	at com.objectaid.uml.java.AssociationCandidateFactory.createCandidates(AssociationCandidateFactory.java:77)
	at com.objectaid.uml.model.impl.RelationshipCandidateFactory.getCandidates(RelationshipCandidateFactory.java:54)
	at com.objectaid.uml.cls.model.RelationshipFactory.getCandidates(RelationshipFactory.java:245)
	at com.objectaid.uml.cls.model.definition.RelationshipDefinition.validateEnd(RelationshipDefinition.java:91)
	at com.objectaid.uml.cls.model.definition.AssociationDefinition.validateEnd(AssociationDefinition.java:131)
	at com.objectaid.uml.cls.model.definition.AssociationDefinition.validateEnd(AssociationDefinition.java:32)
	at com.objectaid.uml.cls.model.definition.RelationshipDefinition.doConnect(RelationshipDefinition.java:64)
	at com.objectaid.uml.cls.model.definition.RelationshipDefinition.doConnect(RelationshipDefinition.java:35)
	at com.objectaid.uml.model.definition.ModelDefinition.connect(ModelDefinition.java:228)
	at com.objectaid.uml.model.persistence.UnmarshalDiagramVisitor.doVisit(UnmarshalDiagramVisitor.java:75)
	at com.objectaid.uml.model.persistence.UnmarshalDiagramVisitor.doVisit(UnmarshalDiagramVisitor.java:26)
	at com.objectaid.uml.util.collection.GenericVisitor.visit(GenericVisitor.java:40)
	at com.objectaid.uml.model.persistence.PersistedConnection.accept(PersistedConnection.java:39)
	at com.objectaid.uml.model.persistence.PersistedDiagram.accept(PersistedDiagram.java:45)
	at com.objectaid.uml.model.diagram.DiagramFactory.unmarshal(DiagramFactory.java:243)
	at com.objectaid.uml.model.DiagramHandle.unmarshalModel(DiagramHandle.java:206)
	at com.objectaid.uml.model.DiagramHandle.unmarshal(DiagramHandle.java:155)
	at com.objectaid.uml.model.manage.DiagramManager.add(DiagramManager.java:104)
	at com.objectaid.uml.model.manage.StartupJob$2.run(StartupJob.java:83)
	at java.util.concurrent.ThreadPoolExecutor.runWorker(ThreadPoolExecutor.java:1145)
	at java.util.concurrent.ThreadPoolExecutor$Worker.run(ThreadPoolExecutor.java:615)
	at java.lang.Thread.run(Thread.java:745)

2014-11-08 14:40:26.119 [pool-1-thread-1] WARNING com.objectaid.uml.java.JavaRelationshipCandidateFactory createIdentifier: Cannot find type 'String' referenced by '/sha/ch.marclandolt.spa.backend.XmppService'.
java.lang.Throwable: Cannot find type 'String' referenced by '/sha/ch.marclandolt.spa.backend.XmppService'.
	at com.objectaid.uml.java.JavaRelationshipCandidateFactory.createIdentifier(JavaRelationshipCandidateFactory.java:54)
	at com.objectaid.uml.java.AssociationCandidateFactory.addCandidates(AssociationCandidateFactory.java:136)
	at com.objectaid.uml.java.AssociationCandidateFactory.createCandidates(AssociationCandidateFactory.java:77)
	at com.objectaid.uml.model.impl.RelationshipCandidateFactory.getCandidates(RelationshipCandidateFactory.java:54)
	at com.objectaid.uml.cls.model.RelationshipFactory.getCandidates(RelationshipFactory.java:245)
	at com.objectaid.uml.cls.model.definition.RelationshipDefinition.validateEnd(RelationshipDefinition.java:91)
	at com.objectaid.uml.cls.model.definition.AssociationDefinition.validateEnd(AssociationDefinition.java:131)
	at com.objectaid.uml.cls.model.definition.AssociationDefinition.validateEnd(AssociationDefinition.java:32)
	at com.objectaid.uml.cls.model.definition.RelationshipDefinition.doConnect(RelationshipDefinition.java:64)
	at com.objectaid.uml.cls.model.definition.RelationshipDefinition.doConnect(RelationshipDefinition.java:35)
	at com.objectaid.uml.model.definition.ModelDefinition.connect(ModelDefinition.java:228)
	at com.objectaid.uml.model.persistence.UnmarshalDiagramVisitor.doVisit(UnmarshalDiagramVisitor.java:75)
	at com.objectaid.uml.model.persistence.UnmarshalDiagramVisitor.doVisit(UnmarshalDiagramVisitor.java:26)
	at com.objectaid.uml.util.collection.GenericVisitor.visit(GenericVisitor.java:40)
	at com.objectaid.uml.model.persistence.PersistedConnection.accept(PersistedConnection.java:39)
	at com.objectaid.uml.model.persistence.PersistedDiagram.accept(PersistedDiagram.java:45)
	at com.objectaid.uml.model.diagram.DiagramFactory.unmarshal(DiagramFactory.java:243)
	at com.objectaid.uml.model.DiagramHandle.unmarshalModel(DiagramHandle.java:206)
	at com.objectaid.uml.model.DiagramHandle.unmarshal(DiagramHandle.java:155)
	at com.objectaid.uml.model.manage.DiagramManager.add(DiagramManager.java:104)
	at com.objectaid.uml.model.manage.StartupJob$2.run(StartupJob.java:83)
	at java.util.concurrent.ThreadPoolExecutor.runWorker(ThreadPoolExecutor.java:1145)
	at java.util.concurrent.ThreadPoolExecutor$Worker.run(ThreadPoolExecutor.java:615)
	at java.lang.Thread.run(Thread.java:745)

2014-11-08 14:40:26.139 [pool-1-thread-1] WARNING com.objectaid.uml.java.JavaRelationshipCandidateFactory createIdentifier: Cannot find type 'String' referenced by '/sha/ch.marclandolt.spa.backend.XmppService'.
java.lang.Throwable: Cannot find type 'String' referenced by '/sha/ch.marclandolt.spa.backend.XmppService'.
	at com.objectaid.uml.java.JavaRelationshipCandidateFactory.createIdentifier(JavaRelationshipCandidateFactory.java:54)
	at com.objectaid.uml.java.AssociationCandidateFactory.addCandidates(AssociationCandidateFactory.java:136)
	at com.objectaid.uml.java.AssociationCandidateFactory.createCandidates(AssociationCandidateFactory.java:77)
	at com.objectaid.uml.model.impl.RelationshipCandidateFactory.getCandidates(RelationshipCandidateFactory.java:54)
	at com.objectaid.uml.cls.model.RelationshipFactory.getCandidates(RelationshipFactory.java:245)
	at com.objectaid.uml.cls.model.definition.RelationshipDefinition.validateEnd(RelationshipDefinition.java:91)
	at com.objectaid.uml.cls.model.definition.AssociationDefinition.validateEnd(AssociationDefinition.java:131)
	at com.objectaid.uml.cls.model.definition.AssociationDefinition.validateEnd(AssociationDefinition.java:32)
	at com.objectaid.uml.cls.model.definition.RelationshipDefinition.doConnect(RelationshipDefinition.java:64)
	at com.objectaid.uml.cls.model.definition.RelationshipDefinition.doConnect(RelationshipDefinition.java:35)
	at com.objectaid.uml.model.definition.ModelDefinition.connect(ModelDefinition.java:228)
	at com.objectaid.uml.model.persistence.UnmarshalDiagramVisitor.doVisit(UnmarshalDiagramVisitor.java:75)
	at com.objectaid.uml.model.persistence.UnmarshalDiagramVisitor.doVisit(UnmarshalDiagramVisitor.java:26)
	at com.objectaid.uml.util.collection.GenericVisitor.visit(GenericVisitor.java:40)
	at com.objectaid.uml.model.persistence.PersistedConnection.accept(PersistedConnection.java:39)
	at com.objectaid.uml.model.persistence.PersistedDiagram.accept(PersistedDiagram.java:45)
	at com.objectaid.uml.model.diagram.DiagramFactory.unmarshal(DiagramFactory.java:243)
	at com.objectaid.uml.model.DiagramHandle.unmarshalModel(DiagramHandle.java:206)
	at com.objectaid.uml.model.DiagramHandle.unmarshal(DiagramHandle.java:155)
	at com.objectaid.uml.model.manage.DiagramManager.add(DiagramManager.java:104)
	at com.objectaid.uml.model.manage.StartupJob$2.run(StartupJob.java:83)
	at java.util.concurrent.ThreadPoolExecutor.runWorker(ThreadPoolExecutor.java:1145)
	at java.util.concurrent.ThreadPoolExecutor$Worker.run(ThreadPoolExecutor.java:615)
	at java.lang.Thread.run(Thread.java:745)

2014-11-08 14:40:26.154 [pool-1-thread-1] WARNING com.objectaid.uml.java.JavaRelationshipCandidateFactory createIdentifier: Cannot find type 'String' referenced by '/sha/ch.marclandolt.spa.backend.XmppService'.
java.lang.Throwable: Cannot find type 'String' referenced by '/sha/ch.marclandolt.spa.backend.XmppService'.
	at com.objectaid.uml.java.JavaRelationshipCandidateFactory.createIdentifier(JavaRelationshipCandidateFactory.java:54)
	at com.objectaid.uml.java.AssociationCandidateFactory.addCandidates(AssociationCandidateFactory.java:136)
	at com.objectaid.uml.java.AssociationCandidateFactory.createCandidates(AssociationCandidateFactory.java:77)
	at com.objectaid.uml.model.impl.RelationshipCandidateFactory.getCandidates(RelationshipCandidateFactory.java:54)
	at com.objectaid.uml.cls.model.RelationshipFactory.getCandidates(RelationshipFactory.java:245)
	at com.objectaid.uml.cls.model.definition.RelationshipDefinition.validateEnd(RelationshipDefinition.java:91)
	at com.objectaid.uml.cls.model.definition.AssociationDefinition.validateEnd(AssociationDefinition.java:131)
	at com.objectaid.uml.cls.model.definition.AssociationDefinition.validateEnd(AssociationDefinition.java:32)
	at com.objectaid.uml.cls.model.definition.RelationshipDefinition.doConnect(RelationshipDefinition.java:64)
	at com.objectaid.uml.cls.model.definition.RelationshipDefinition.doConnect(RelationshipDefinition.java:35)
	at com.objectaid.uml.model.definition.ModelDefinition.connect(ModelDefinition.java:228)
	at com.objectaid.uml.model.persistence.UnmarshalDiagramVisitor.doVisit(UnmarshalDiagramVisitor.java:75)
	at com.objectaid.uml.model.persistence.UnmarshalDiagramVisitor.doVisit(UnmarshalDiagramVisitor.java:26)
	at com.objectaid.uml.util.collection.GenericVisitor.visit(GenericVisitor.java:40)
	at com.objectaid.uml.model.persistence.PersistedConnection.accept(PersistedConnection.java:39)
	at com.objectaid.uml.model.persistence.PersistedDiagram.accept(PersistedDiagram.java:45)
	at com.objectaid.uml.model.diagram.DiagramFactory.unmarshal(DiagramFactory.java:243)
	at com.objectaid.uml.model.DiagramHandle.unmarshalModel(DiagramHandle.java:206)
	at com.objectaid.uml.model.DiagramHandle.unmarshal(DiagramHandle.java:155)
	at com.objectaid.uml.model.manage.DiagramManager.add(DiagramManager.java:104)
	at com.objectaid.uml.model.manage.StartupJob$2.run(StartupJob.java:83)
	at java.util.concurrent.ThreadPoolExecutor.runWorker(ThreadPoolExecutor.java:1145)
	at java.util.concurrent.ThreadPoolExecutor$Worker.run(ThreadPoolExecutor.java:615)
	at java.lang.Thread.run(Thread.java:745)

2014-11-08 14:40:26.166 [pool-1-thread-1] WARNING com.objectaid.uml.java.JavaRelationshipCandidateFactory createIdentifier: Cannot find type 'String' referenced by '/sha/ch.marclandolt.spa.backend.XmppService'.
java.lang.Throwable: Cannot find type 'String' referenced by '/sha/ch.marclandolt.spa.backend.XmppService'.
	at com.objectaid.uml.java.JavaRelationshipCandidateFactory.createIdentifier(JavaRelationshipCandidateFactory.java:54)
	at com.objectaid.uml.java.AssociationCandidateFactory.addCandidates(AssociationCandidateFactory.java:136)
	at com.objectaid.uml.java.AssociationCandidateFactory.createCandidates(AssociationCandidateFactory.java:77)
	at com.objectaid.uml.model.impl.RelationshipCandidateFactory.getCandidates(RelationshipCandidateFactory.java:54)
	at com.objectaid.uml.cls.model.RelationshipFactory.getCandidates(RelationshipFactory.java:245)
	at com.objectaid.uml.cls.model.definition.RelationshipDefinition.validateEnd(RelationshipDefinition.java:91)
	at com.objectaid.uml.cls.model.definition.AssociationDefinition.validateEnd(AssociationDefinition.java:131)
	at com.objectaid.uml.cls.model.definition.AssociationDefinition.validateEnd(AssociationDefinition.java:32)
	at com.objectaid.uml.cls.model.definition.RelationshipDefinition.doConnect(RelationshipDefinition.java:64)
	at com.objectaid.uml.cls.model.definition.RelationshipDefinition.doConnect(RelationshipDefinition.java:35)
	at com.objectaid.uml.model.definition.ModelDefinition.connect(ModelDefinition.java:228)
	at com.objectaid.uml.model.persistence.UnmarshalDiagramVisitor.doVisit(UnmarshalDiagramVisitor.java:75)
	at com.objectaid.uml.model.persistence.UnmarshalDiagramVisitor.doVisit(UnmarshalDiagramVisitor.java:26)
	at com.objectaid.uml.util.collection.GenericVisitor.visit(GenericVisitor.java:40)
	at com.objectaid.uml.model.persistence.PersistedConnection.accept(PersistedConnection.java:39)
	at com.objectaid.uml.model.persistence.PersistedDiagram.accept(PersistedDiagram.java:45)
	at com.objectaid.uml.model.diagram.DiagramFactory.unmarshal(DiagramFactory.java:243)
	at com.objectaid.uml.model.DiagramHandle.unmarshalModel(DiagramHandle.java:206)
	at com.objectaid.uml.model.DiagramHandle.unmarshal(DiagramHandle.java:155)
	at com.objectaid.uml.model.manage.DiagramManager.add(DiagramManager.java:104)
	at com.objectaid.uml.model.manage.StartupJob$2.run(StartupJob.java:83)
	at java.util.concurrent.ThreadPoolExecutor.runWorker(ThreadPoolExecutor.java:1145)
	at java.util.concurrent.ThreadPoolExecutor$Worker.run(ThreadPoolExecutor.java:615)
	at java.lang.Thread.run(Thread.java:745)

2014-11-08 14:40:26.175 [pool-1-thread-1] WARNING com.objectaid.uml.java.JavaRelationshipCandidateFactory createIdentifier: Cannot find type 'String' referenced by '/sha/ch.marclandolt.spa.backend.XmppService'.
java.lang.Throwable: Cannot find type 'String' referenced by '/sha/ch.marclandolt.spa.backend.XmppService'.
	at com.objectaid.uml.java.JavaRelationshipCandidateFactory.createIdentifier(JavaRelationshipCandidateFactory.java:54)
	at com.objectaid.uml.java.AssociationCandidateFactory.addCandidates(AssociationCandidateFactory.java:136)
	at com.objectaid.uml.java.AssociationCandidateFactory.createCandidates(AssociationCandidateFactory.java:77)
	at com.objectaid.uml.model.impl.RelationshipCandidateFactory.getCandidates(RelationshipCandidateFactory.java:54)
	at com.objectaid.uml.cls.model.RelationshipFactory.getCandidates(RelationshipFactory.java:245)
	at com.objectaid.uml.cls.model.definition.RelationshipDefinition.validateEnd(RelationshipDefinition.java:91)
	at com.objectaid.uml.cls.model.definition.AssociationDefinition.validateEnd(AssociationDefinition.java:131)
	at com.objectaid.uml.cls.model.definition.AssociationDefinition.validateEnd(AssociationDefinition.java:32)
	at com.objectaid.uml.cls.model.definition.RelationshipDefinition.doConnect(RelationshipDefinition.java:64)
	at com.objectaid.uml.cls.model.definition.RelationshipDefinition.doConnect(RelationshipDefinition.java:35)
	at com.objectaid.uml.model.definition.ModelDefinition.connect(ModelDefinition.java:228)
	at com.objectaid.uml.model.persistence.UnmarshalDiagramVisitor.doVisit(UnmarshalDiagramVisitor.java:75)
	at com.objectaid.uml.model.persistence.UnmarshalDiagramVisitor.doVisit(UnmarshalDiagramVisitor.java:26)
	at com.objectaid.uml.util.collection.GenericVisitor.visit(GenericVisitor.java:40)
	at com.objectaid.uml.model.persistence.PersistedConnection.accept(PersistedConnection.java:39)
	at com.objectaid.uml.model.persistence.PersistedDiagram.accept(PersistedDiagram.java:45)
	at com.objectaid.uml.model.diagram.DiagramFactory.unmarshal(DiagramFactory.java:243)
	at com.objectaid.uml.model.DiagramHandle.unmarshalModel(DiagramHandle.java:206)
	at com.objectaid.uml.model.DiagramHandle.unmarshal(DiagramHandle.java:155)
	at com.objectaid.uml.model.manage.DiagramManager.add(DiagramManager.java:104)
	at com.objectaid.uml.model.manage.StartupJob$2.run(StartupJob.java:83)
	at java.util.concurrent.ThreadPoolExecutor.runWorker(ThreadPoolExecutor.java:1145)
	at java.util.concurrent.ThreadPoolExecutor$Worker.run(ThreadPoolExecutor.java:615)
	at java.lang.Thread.run(Thread.java:745)

2014-11-08 14:40:26.185 [pool-1-thread-1] WARNING com.objectaid.uml.java.JavaRelationshipCandidateFactory createIdentifier: Cannot find type 'String' referenced by '/sha/ch.marclandolt.spa.backend.XmppService'.
java.lang.Throwable: Cannot find type 'String' referenced by '/sha/ch.marclandolt.spa.backend.XmppService'.
	at com.objectaid.uml.java.JavaRelationshipCandidateFactory.createIdentifier(JavaRelationshipCandidateFactory.java:54)
	at com.objectaid.uml.java.AssociationCandidateFactory.addCandidates(AssociationCandidateFactory.java:136)
	at com.objectaid.uml.java.AssociationCandidateFactory.createCandidates(AssociationCandidateFactory.java:77)
	at com.objectaid.uml.model.impl.RelationshipCandidateFactory.getCandidates(RelationshipCandidateFactory.java:54)
	at com.objectaid.uml.cls.model.RelationshipFactory.getCandidates(RelationshipFactory.java:245)
	at com.objectaid.uml.cls.model.definition.RelationshipDefinition.validateEnd(RelationshipDefinition.java:91)
	at com.objectaid.uml.cls.model.definition.AssociationDefinition.validateEnd(AssociationDefinition.java:131)
	at com.objectaid.uml.cls.model.definition.AssociationDefinition.validateEnd(AssociationDefinition.java:32)
	at com.objectaid.uml.cls.model.definition.RelationshipDefinition.doConnect(RelationshipDefinition.java:64)
	at com.objectaid.uml.cls.model.definition.RelationshipDefinition.doConnect(RelationshipDefinition.java:35)
	at com.objectaid.uml.model.definition.ModelDefinition.connect(ModelDefinition.java:228)
	at com.objectaid.uml.model.persistence.UnmarshalDiagramVisitor.doVisit(UnmarshalDiagramVisitor.java:75)
	at com.objectaid.uml.model.persistence.UnmarshalDiagramVisitor.doVisit(UnmarshalDiagramVisitor.java:26)
	at com.objectaid.uml.util.collection.GenericVisitor.visit(GenericVisitor.java:40)
	at com.objectaid.uml.model.persistence.PersistedConnection.accept(PersistedConnection.java:39)
	at com.objectaid.uml.model.persistence.PersistedDiagram.accept(PersistedDiagram.java:45)
	at com.objectaid.uml.model.diagram.DiagramFactory.unmarshal(DiagramFactory.java:243)
	at com.objectaid.uml.model.DiagramHandle.unmarshalModel(DiagramHandle.java:206)
	at com.objectaid.uml.model.DiagramHandle.unmarshal(DiagramHandle.java:155)
	at com.objectaid.uml.model.manage.DiagramManager.add(DiagramManager.java:104)
	at com.objectaid.uml.model.manage.StartupJob$2.run(StartupJob.java:83)
	at java.util.concurrent.ThreadPoolExecutor.runWorker(ThreadPoolExecutor.java:1145)
	at java.util.concurrent.ThreadPoolExecutor$Worker.run(ThreadPoolExecutor.java:615)
	at java.lang.Thread.run(Thread.java:745)

2014-11-08 14:40:26.192 [pool-1-thread-1] WARNING com.objectaid.uml.java.JavaRelationshipCandidateFactory createIdentifier: Cannot find type 'String' referenced by '/sha/ch.marclandolt.spa.backend.XmppService'.
java.lang.Throwable: Cannot find type 'String' referenced by '/sha/ch.marclandolt.spa.backend.XmppService'.
	at com.objectaid.uml.java.JavaRelationshipCandidateFactory.createIdentifier(JavaRelationshipCandidateFactory.java:54)
	at com.objectaid.uml.java.AssociationCandidateFactory.addCandidates(AssociationCandidateFactory.java:136)
	at com.objectaid.uml.java.AssociationCandidateFactory.createCandidates(AssociationCandidateFactory.java:77)
	at com.objectaid.uml.model.impl.RelationshipCandidateFactory.getCandidates(RelationshipCandidateFactory.java:54)
	at com.objectaid.uml.cls.model.RelationshipFactory.getCandidates(RelationshipFactory.java:245)
	at com.objectaid.uml.cls.model.definition.RelationshipDefinition.validateEnd(RelationshipDefinition.java:91)
	at com.objectaid.uml.cls.model.definition.AssociationDefinition.validateEnd(AssociationDefinition.java:131)
	at com.objectaid.uml.cls.model.definition.AssociationDefinition.validateEnd(AssociationDefinition.java:32)
	at com.objectaid.uml.cls.model.definition.RelationshipDefinition.doConnect(RelationshipDefinition.java:64)
	at com.objectaid.uml.cls.model.definition.RelationshipDefinition.doConnect(RelationshipDefinition.java:35)
	at com.objectaid.uml.model.definition.ModelDefinition.connect(ModelDefinition.java:228)
	at com.objectaid.uml.model.persistence.UnmarshalDiagramVisitor.doVisit(UnmarshalDiagramVisitor.java:75)
	at com.objectaid.uml.model.persistence.UnmarshalDiagramVisitor.doVisit(UnmarshalDiagramVisitor.java:26)
	at com.objectaid.uml.util.collection.GenericVisitor.visit(GenericVisitor.java:40)
	at com.objectaid.uml.model.persistence.PersistedConnection.accept(PersistedConnection.java:39)
	at com.objectaid.uml.model.persistence.PersistedDiagram.accept(PersistedDiagram.java:45)
	at com.objectaid.uml.model.diagram.DiagramFactory.unmarshal(DiagramFactory.java:243)
	at com.objectaid.uml.model.DiagramHandle.unmarshalModel(DiagramHandle.java:206)
	at com.objectaid.uml.model.DiagramHandle.unmarshal(DiagramHandle.java:155)
	at com.objectaid.uml.model.manage.DiagramManager.add(DiagramManager.java:104)
	at com.objectaid.uml.model.manage.StartupJob$2.run(StartupJob.java:83)
	at java.util.concurrent.ThreadPoolExecutor.runWorker(ThreadPoolExecutor.java:1145)
	at java.util.concurrent.ThreadPoolExecutor$Worker.run(ThreadPoolExecutor.java:615)
	at java.lang.Thread.run(Thread.java:745)

2014-11-08 14:40:26.202 [pool-1-thread-1] WARNING com.objectaid.uml.java.JavaRelationshipCandidateFactory createIdentifier: Cannot find type 'String' referenced by '/sha/ch.marclandolt.spa.backend.XmppService'.
java.lang.Throwable: Cannot find type 'String' referenced by '/sha/ch.marclandolt.spa.backend.XmppService'.
	at com.objectaid.uml.java.JavaRelationshipCandidateFactory.createIdentifier(JavaRelationshipCandidateFactory.java:54)
	at com.objectaid.uml.java.AssociationCandidateFactory.addCandidates(AssociationCandidateFactory.java:136)
	at com.objectaid.uml.java.AssociationCandidateFactory.createCandidates(AssociationCandidateFactory.java:77)
	at com.objectaid.uml.model.impl.RelationshipCandidateFactory.getCandidates(RelationshipCandidateFactory.java:54)
	at com.objectaid.uml.cls.model.RelationshipFactory.getCandidates(RelationshipFactory.java:245)
	at com.objectaid.uml.cls.model.definition.RelationshipDefinition.validateEnd(RelationshipDefinition.java:91)
	at com.objectaid.uml.cls.model.definition.AssociationDefinition.validateEnd(AssociationDefinition.java:131)
	at com.objectaid.uml.cls.model.definition.AssociationDefinition.validateEnd(AssociationDefinition.java:32)
	at com.objectaid.uml.cls.model.definition.RelationshipDefinition.doConnect(RelationshipDefinition.java:64)
	at com.objectaid.uml.cls.model.definition.RelationshipDefinition.doConnect(RelationshipDefinition.java:35)
	at com.objectaid.uml.model.definition.ModelDefinition.connect(ModelDefinition.java:228)
	at com.objectaid.uml.model.persistence.UnmarshalDiagramVisitor.doVisit(UnmarshalDiagramVisitor.java:75)
	at com.objectaid.uml.model.persistence.UnmarshalDiagramVisitor.doVisit(UnmarshalDiagramVisitor.java:26)
	at com.objectaid.uml.util.collection.GenericVisitor.visit(GenericVisitor.java:40)
	at com.objectaid.uml.model.persistence.PersistedConnection.accept(PersistedConnection.java:39)
	at com.objectaid.uml.model.persistence.PersistedDiagram.accept(PersistedDiagram.java:45)
	at com.objectaid.uml.model.diagram.DiagramFactory.unmarshal(DiagramFactory.java:243)
	at com.objectaid.uml.model.DiagramHandle.unmarshalModel(DiagramHandle.java:206)
	at com.objectaid.uml.model.DiagramHandle.unmarshal(DiagramHandle.java:155)
	at com.objectaid.uml.model.manage.DiagramManager.add(DiagramManager.java:104)
	at com.objectaid.uml.model.manage.StartupJob$2.run(StartupJob.java:83)
	at java.util.concurrent.ThreadPoolExecutor.runWorker(ThreadPoolExecutor.java:1145)
	at java.util.concurrent.ThreadPoolExecutor$Worker.run(ThreadPoolExecutor.java:615)
	at java.lang.Thread.run(Thread.java:745)

2014-11-08 14:40:26.211 [pool-1-thread-1] WARNING com.objectaid.uml.java.JavaRelationshipCandidateFactory createIdentifier: Cannot find type 'String' referenced by '/sha/ch.marclandolt.spa.backend.XmppService'.
java.lang.Throwable: Cannot find type 'String' referenced by '/sha/ch.marclandolt.spa.backend.XmppService'.
	at com.objectaid.uml.java.JavaRelationshipCandidateFactory.createIdentifier(JavaRelationshipCandidateFactory.java:54)
	at com.objectaid.uml.java.AssociationCandidateFactory.addCandidates(AssociationCandidateFactory.java:136)
	at com.objectaid.uml.java.AssociationCandidateFactory.createCandidates(AssociationCandidateFactory.java:77)
	at com.objectaid.uml.model.impl.RelationshipCandidateFactory.getCandidates(RelationshipCandidateFactory.java:54)
	at com.objectaid.uml.cls.model.RelationshipFactory.getCandidates(RelationshipFactory.java:245)
	at com.objectaid.uml.cls.model.definition.RelationshipDefinition.validateEnd(RelationshipDefinition.java:91)
	at com.objectaid.uml.cls.model.definition.AssociationDefinition.validateEnd(AssociationDefinition.java:131)
	at com.objectaid.uml.cls.model.definition.AssociationDefinition.validateEnd(AssociationDefinition.java:32)
	at com.objectaid.uml.cls.model.definition.RelationshipDefinition.doConnect(RelationshipDefinition.java:64)
	at com.objectaid.uml.cls.model.definition.RelationshipDefinition.doConnect(RelationshipDefinition.java:35)
	at com.objectaid.uml.model.definition.ModelDefinition.connect(ModelDefinition.java:228)
	at com.objectaid.uml.model.persistence.UnmarshalDiagramVisitor.doVisit(UnmarshalDiagramVisitor.java:75)
	at com.objectaid.uml.model.persistence.UnmarshalDiagramVisitor.doVisit(UnmarshalDiagramVisitor.java:26)
	at com.objectaid.uml.util.collection.GenericVisitor.visit(GenericVisitor.java:40)
	at com.objectaid.uml.model.persistence.PersistedConnection.accept(PersistedConnection.java:39)
	at com.objectaid.uml.model.persistence.PersistedDiagram.accept(PersistedDiagram.java:45)
	at com.objectaid.uml.model.diagram.DiagramFactory.unmarshal(DiagramFactory.java:243)
	at com.objectaid.uml.model.DiagramHandle.unmarshalModel(DiagramHandle.java:206)
	at com.objectaid.uml.model.DiagramHandle.unmarshal(DiagramHandle.java:155)
	at com.objectaid.uml.model.manage.DiagramManager.add(DiagramManager.java:104)
	at com.objectaid.uml.model.manage.StartupJob$2.run(StartupJob.java:83)
	at java.util.concurrent.ThreadPoolExecutor.runWorker(ThreadPoolExecutor.java:1145)
	at java.util.concurrent.ThreadPoolExecutor$Worker.run(ThreadPoolExecutor.java:615)
	at java.lang.Thread.run(Thread.java:745)

2014-11-08 14:40:26.220 [pool-1-thread-1] WARNING com.objectaid.uml.java.JavaRelationshipCandidateFactory createIdentifier: Cannot find type 'String' referenced by '/sha/ch.marclandolt.spa.backend.XmppService'.
java.lang.Throwable: Cannot find type 'String' referenced by '/sha/ch.marclandolt.spa.backend.XmppService'.
	at com.objectaid.uml.java.JavaRelationshipCandidateFactory.createIdentifier(JavaRelationshipCandidateFactory.java:54)
	at com.objectaid.uml.java.AssociationCandidateFactory.addCandidates(AssociationCandidateFactory.java:136)
	at com.objectaid.uml.java.AssociationCandidateFactory.createCandidates(AssociationCandidateFactory.java:77)
	at com.objectaid.uml.model.impl.RelationshipCandidateFactory.getCandidates(RelationshipCandidateFactory.java:54)
	at com.objectaid.uml.cls.model.RelationshipFactory.getCandidates(RelationshipFactory.java:245)
	at com.objectaid.uml.cls.model.definition.RelationshipDefinition.validateEnd(RelationshipDefinition.java:91)
	at com.objectaid.uml.cls.model.definition.AssociationDefinition.validateEnd(AssociationDefinition.java:131)
	at com.objectaid.uml.cls.model.definition.AssociationDefinition.validateEnd(AssociationDefinition.java:32)
	at com.objectaid.uml.cls.model.definition.RelationshipDefinition.doConnect(RelationshipDefinition.java:64)
	at com.objectaid.uml.cls.model.definition.RelationshipDefinition.doConnect(RelationshipDefinition.java:35)
	at com.objectaid.uml.model.definition.ModelDefinition.connect(ModelDefinition.java:228)
	at com.objectaid.uml.model.persistence.UnmarshalDiagramVisitor.doVisit(UnmarshalDiagramVisitor.java:75)
	at com.objectaid.uml.model.persistence.UnmarshalDiagramVisitor.doVisit(UnmarshalDiagramVisitor.java:26)
	at com.objectaid.uml.util.collection.GenericVisitor.visit(GenericVisitor.java:40)
	at com.objectaid.uml.model.persistence.PersistedConnection.accept(PersistedConnection.java:39)
	at com.objectaid.uml.model.persistence.PersistedDiagram.accept(PersistedDiagram.java:45)
	at com.objectaid.uml.model.diagram.DiagramFactory.unmarshal(DiagramFactory.java:243)
	at com.objectaid.uml.model.DiagramHandle.unmarshalModel(DiagramHandle.java:206)
	at com.objectaid.uml.model.DiagramHandle.unmarshal(DiagramHandle.java:155)
	at com.objectaid.uml.model.manage.DiagramManager.add(DiagramManager.java:104)
	at com.objectaid.uml.model.manage.StartupJob$2.run(StartupJob.java:83)
	at java.util.concurrent.ThreadPoolExecutor.runWorker(ThreadPoolExecutor.java:1145)
	at java.util.concurrent.ThreadPoolExecutor$Worker.run(ThreadPoolExecutor.java:615)
	at java.lang.Thread.run(Thread.java:745)

2014-11-08 14:40:26.232 [pool-1-thread-1] WARNING com.objectaid.uml.java.JavaRelationshipCandidateFactory createIdentifier: Cannot find type 'String' referenced by '/sha/ch.marclandolt.spa.backend.XmppService'.
java.lang.Throwable: Cannot find type 'String' referenced by '/sha/ch.marclandolt.spa.backend.XmppService'.
	at com.objectaid.uml.java.JavaRelationshipCandidateFactory.createIdentifier(JavaRelationshipCandidateFactory.java:54)
	at com.objectaid.uml.java.AssociationCandidateFactory.addCandidates(AssociationCandidateFactory.java:136)
	at com.objectaid.uml.java.AssociationCandidateFactory.createCandidates(AssociationCandidateFactory.java:77)
	at com.objectaid.uml.model.impl.RelationshipCandidateFactory.getCandidates(RelationshipCandidateFactory.java:54)
	at com.objectaid.uml.cls.model.RelationshipFactory.getCandidates(RelationshipFactory.java:245)
	at com.objectaid.uml.cls.model.definition.RelationshipDefinition.validateEnd(RelationshipDefinition.java:91)
	at com.objectaid.uml.cls.model.definition.AssociationDefinition.validateEnd(AssociationDefinition.java:131)
	at com.objectaid.uml.cls.model.definition.AssociationDefinition.validateEnd(AssociationDefinition.java:32)
	at com.objectaid.uml.cls.model.definition.RelationshipDefinition.doConnect(RelationshipDefinition.java:64)
	at com.objectaid.uml.cls.model.definition.RelationshipDefinition.doConnect(RelationshipDefinition.java:35)
	at com.objectaid.uml.model.definition.ModelDefinition.connect(ModelDefinition.java:228)
	at com.objectaid.uml.model.persistence.UnmarshalDiagramVisitor.doVisit(UnmarshalDiagramVisitor.java:75)
	at com.objectaid.uml.model.persistence.UnmarshalDiagramVisitor.doVisit(UnmarshalDiagramVisitor.java:26)
	at com.objectaid.uml.util.collection.GenericVisitor.visit(GenericVisitor.java:40)
	at com.objectaid.uml.model.persistence.PersistedConnection.accept(PersistedConnection.java:39)
	at com.objectaid.uml.model.persistence.PersistedDiagram.accept(PersistedDiagram.java:45)
	at com.objectaid.uml.model.diagram.DiagramFactory.unmarshal(DiagramFactory.java:243)
	at com.objectaid.uml.model.DiagramHandle.unmarshalModel(DiagramHandle.java:206)
	at com.objectaid.uml.model.DiagramHandle.unmarshal(DiagramHandle.java:155)
	at com.objectaid.uml.model.manage.DiagramManager.add(DiagramManager.java:104)
	at com.objectaid.uml.model.manage.StartupJob$2.run(StartupJob.java:83)
	at java.util.concurrent.ThreadPoolExecutor.runWorker(ThreadPoolExecutor.java:1145)
	at java.util.concurrent.ThreadPoolExecutor$Worker.run(ThreadPoolExecutor.java:615)
	at java.lang.Thread.run(Thread.java:745)

2014-11-08 14:40:26.240 [pool-1-thread-1] WARNING com.objectaid.uml.java.JavaRelationshipCandidateFactory createIdentifier: Cannot find type 'String' referenced by '/sha/ch.marclandolt.spa.backend.XmppService'.
java.lang.Throwable: Cannot find type 'String' referenced by '/sha/ch.marclandolt.spa.backend.XmppService'.
	at com.objectaid.uml.java.JavaRelationshipCandidateFactory.createIdentifier(JavaRelationshipCandidateFactory.java:54)
	at com.objectaid.uml.java.AssociationCandidateFactory.addCandidates(AssociationCandidateFactory.java:136)
	at com.objectaid.uml.java.AssociationCandidateFactory.createCandidates(AssociationCandidateFactory.java:77)
	at com.objectaid.uml.model.impl.RelationshipCandidateFactory.getCandidates(RelationshipCandidateFactory.java:54)
	at com.objectaid.uml.cls.model.RelationshipFactory.getCandidates(RelationshipFactory.java:245)
	at com.objectaid.uml.cls.model.definition.RelationshipDefinition.validateEnd(RelationshipDefinition.java:91)
	at com.objectaid.uml.cls.model.definition.AssociationDefinition.validateEnd(AssociationDefinition.java:131)
	at com.objectaid.uml.cls.model.definition.AssociationDefinition.validateEnd(AssociationDefinition.java:32)
	at com.objectaid.uml.cls.model.definition.RelationshipDefinition.doConnect(RelationshipDefinition.java:64)
	at com.objectaid.uml.cls.model.definition.RelationshipDefinition.doConnect(RelationshipDefinition.java:35)
	at com.objectaid.uml.model.definition.ModelDefinition.connect(ModelDefinition.java:228)
	at com.objectaid.uml.model.persistence.UnmarshalDiagramVisitor.doVisit(UnmarshalDiagramVisitor.java:75)
	at com.objectaid.uml.model.persistence.UnmarshalDiagramVisitor.doVisit(UnmarshalDiagramVisitor.java:26)
	at com.objectaid.uml.util.collection.GenericVisitor.visit(GenericVisitor.java:40)
	at com.objectaid.uml.model.persistence.PersistedConnection.accept(PersistedConnection.java:39)
	at com.objectaid.uml.model.persistence.PersistedDiagram.accept(PersistedDiagram.java:45)
	at com.objectaid.uml.model.diagram.DiagramFactory.unmarshal(DiagramFactory.java:243)
	at com.objectaid.uml.model.DiagramHandle.unmarshalModel(DiagramHandle.java:206)
	at com.objectaid.uml.model.DiagramHandle.unmarshal(DiagramHandle.java:155)
	at com.objectaid.uml.model.manage.DiagramManager.add(DiagramManager.java:104)
	at com.objectaid.uml.model.manage.StartupJob$2.run(StartupJob.java:83)
	at java.util.concurrent.ThreadPoolExecutor.runWorker(ThreadPoolExecutor.java:1145)
	at java.util.concurrent.ThreadPoolExecutor$Worker.run(ThreadPoolExecutor.java:615)
	at java.lang.Thread.run(Thread.java:745)

2014-11-08 14:40:26.249 [pool-1-thread-1] WARNING com.objectaid.uml.java.JavaRelationshipCandidateFactory createIdentifier: Cannot find type 'String' referenced by '/sha/ch.marclandolt.spa.backend.XmppService'.
java.lang.Throwable: Cannot find type 'String' referenced by '/sha/ch.marclandolt.spa.backend.XmppService'.
	at com.objectaid.uml.java.JavaRelationshipCandidateFactory.createIdentifier(JavaRelationshipCandidateFactory.java:54)
	at com.objectaid.uml.java.AssociationCandidateFactory.addCandidates(AssociationCandidateFactory.java:136)
	at com.objectaid.uml.java.AssociationCandidateFactory.createCandidates(AssociationCandidateFactory.java:77)
	at com.objectaid.uml.model.impl.RelationshipCandidateFactory.getCandidates(RelationshipCandidateFactory.java:54)
	at com.objectaid.uml.cls.model.RelationshipFactory.getCandidates(RelationshipFactory.java:245)
	at com.objectaid.uml.cls.model.definition.RelationshipDefinition.validateEnd(RelationshipDefinition.java:91)
	at com.objectaid.uml.cls.model.definition.AssociationDefinition.validateEnd(AssociationDefinition.java:131)
	at com.objectaid.uml.cls.model.definition.AssociationDefinition.validateEnd(AssociationDefinition.java:32)
	at com.objectaid.uml.cls.model.definition.RelationshipDefinition.doConnect(RelationshipDefinition.java:64)
	at com.objectaid.uml.cls.model.definition.RelationshipDefinition.doConnect(RelationshipDefinition.java:35)
	at com.objectaid.uml.model.definition.ModelDefinition.connect(ModelDefinition.java:228)
	at com.objectaid.uml.model.persistence.UnmarshalDiagramVisitor.doVisit(UnmarshalDiagramVisitor.java:75)
	at com.objectaid.uml.model.persistence.UnmarshalDiagramVisitor.doVisit(UnmarshalDiagramVisitor.java:26)
	at com.objectaid.uml.util.collection.GenericVisitor.visit(GenericVisitor.java:40)
	at com.objectaid.uml.model.persistence.PersistedConnection.accept(PersistedConnection.java:39)
	at com.objectaid.uml.model.persistence.PersistedDiagram.accept(PersistedDiagram.java:45)
	at com.objectaid.uml.model.diagram.DiagramFactory.unmarshal(DiagramFactory.java:243)
	at com.objectaid.uml.model.DiagramHandle.unmarshalModel(DiagramHandle.java:206)
	at com.objectaid.uml.model.DiagramHandle.unmarshal(DiagramHandle.java:155)
	at com.objectaid.uml.model.manage.DiagramManager.add(DiagramManager.java:104)
	at com.objectaid.uml.model.manage.StartupJob$2.run(StartupJob.java:83)
	at java.util.concurrent.ThreadPoolExecutor.runWorker(ThreadPoolExecutor.java:1145)
	at java.util.concurrent.ThreadPoolExecutor$Worker.run(ThreadPoolExecutor.java:615)
	at java.lang.Thread.run(Thread.java:745)

2014-11-08 14:40:26.260 [pool-1-thread-1] WARNING com.objectaid.uml.java.JavaRelationshipCandidateFactory createIdentifier: Cannot find type 'String' referenced by '/sha/ch.marclandolt.spa.backend.XmppService'.
java.lang.Throwable: Cannot find type 'String' referenced by '/sha/ch.marclandolt.spa.backend.XmppService'.
	at com.objectaid.uml.java.JavaRelationshipCandidateFactory.createIdentifier(JavaRelationshipCandidateFactory.java:54)
	at com.objectaid.uml.java.AssociationCandidateFactory.addCandidates(AssociationCandidateFactory.java:136)
	at com.objectaid.uml.java.AssociationCandidateFactory.createCandidates(AssociationCandidateFactory.java:77)
	at com.objectaid.uml.model.impl.RelationshipCandidateFactory.getCandidates(RelationshipCandidateFactory.java:54)
	at com.objectaid.uml.cls.model.RelationshipFactory.getCandidates(RelationshipFactory.java:245)
	at com.objectaid.uml.cls.model.definition.RelationshipDefinition.validateEnd(RelationshipDefinition.java:91)
	at com.objectaid.uml.cls.model.definition.AssociationDefinition.validateEnd(AssociationDefinition.java:131)
	at com.objectaid.uml.cls.model.definition.AssociationDefinition.validateEnd(AssociationDefinition.java:32)
	at com.objectaid.uml.cls.model.definition.RelationshipDefinition.doConnect(RelationshipDefinition.java:64)
	at com.objectaid.uml.cls.model.definition.RelationshipDefinition.doConnect(RelationshipDefinition.java:35)
	at com.objectaid.uml.model.definition.ModelDefinition.connect(ModelDefinition.java:228)
	at com.objectaid.uml.model.persistence.UnmarshalDiagramVisitor.doVisit(UnmarshalDiagramVisitor.java:75)
	at com.objectaid.uml.model.persistence.UnmarshalDiagramVisitor.doVisit(UnmarshalDiagramVisitor.java:26)
	at com.objectaid.uml.util.collection.GenericVisitor.visit(GenericVisitor.java:40)
	at com.objectaid.uml.model.persistence.PersistedConnection.accept(PersistedConnection.java:39)
	at com.objectaid.uml.model.persistence.PersistedDiagram.accept(PersistedDiagram.java:45)
	at com.objectaid.uml.model.diagram.DiagramFactory.unmarshal(DiagramFactory.java:243)
	at com.objectaid.uml.model.DiagramHandle.unmarshalModel(DiagramHandle.java:206)
	at com.objectaid.uml.model.DiagramHandle.unmarshal(DiagramHandle.java:155)
	at com.objectaid.uml.model.manage.DiagramManager.add(DiagramManager.java:104)
	at com.objectaid.uml.model.manage.StartupJob$2.run(StartupJob.java:83)
	at java.util.concurrent.ThreadPoolExecutor.runWorker(ThreadPoolExecutor.java:1145)
	at java.util.concurrent.ThreadPoolExecutor$Worker.run(ThreadPoolExecutor.java:615)
	at java.lang.Thread.run(Thread.java:745)

2014-11-08 14:40:26.270 [pool-1-thread-1] WARNING com.objectaid.uml.java.JavaRelationshipCandidateFactory createIdentifier: Cannot find type 'String' referenced by '/sha/ch.marclandolt.spa.backend.XmppService'.
java.lang.Throwable: Cannot find type 'String' referenced by '/sha/ch.marclandolt.spa.backend.XmppService'.
	at com.objectaid.uml.java.JavaRelationshipCandidateFactory.createIdentifier(JavaRelationshipCandidateFactory.java:54)
	at com.objectaid.uml.java.AssociationCandidateFactory.addCandidates(AssociationCandidateFactory.java:136)
	at com.objectaid.uml.java.AssociationCandidateFactory.createCandidates(AssociationCandidateFactory.java:77)
	at com.objectaid.uml.model.impl.RelationshipCandidateFactory.getCandidates(RelationshipCandidateFactory.java:54)
	at com.objectaid.uml.cls.model.RelationshipFactory.getCandidates(RelationshipFactory.java:245)
	at com.objectaid.uml.cls.model.definition.RelationshipDefinition.validateEnd(RelationshipDefinition.java:91)
	at com.objectaid.uml.cls.model.definition.AssociationDefinition.validateEnd(AssociationDefinition.java:131)
	at com.objectaid.uml.cls.model.definition.AssociationDefinition.validateEnd(AssociationDefinition.java:32)
	at com.objectaid.uml.cls.model.definition.RelationshipDefinition.doConnect(RelationshipDefinition.java:64)
	at com.objectaid.uml.cls.model.definition.RelationshipDefinition.doConnect(RelationshipDefinition.java:35)
	at com.objectaid.uml.model.definition.ModelDefinition.connect(ModelDefinition.java:228)
	at com.objectaid.uml.model.persistence.UnmarshalDiagramVisitor.doVisit(UnmarshalDiagramVisitor.java:75)
	at com.objectaid.uml.model.persistence.UnmarshalDiagramVisitor.doVisit(UnmarshalDiagramVisitor.java:26)
	at com.objectaid.uml.util.collection.GenericVisitor.visit(GenericVisitor.java:40)
	at com.objectaid.uml.model.persistence.PersistedConnection.accept(PersistedConnection.java:39)
	at com.objectaid.uml.model.persistence.PersistedDiagram.accept(PersistedDiagram.java:45)
	at com.objectaid.uml.model.diagram.DiagramFactory.unmarshal(DiagramFactory.java:243)
	at com.objectaid.uml.model.DiagramHandle.unmarshalModel(DiagramHandle.java:206)
	at com.objectaid.uml.model.DiagramHandle.unmarshal(DiagramHandle.java:155)
	at com.objectaid.uml.model.manage.DiagramManager.add(DiagramManager.java:104)
	at com.objectaid.uml.model.manage.StartupJob$2.run(StartupJob.java:83)
	at java.util.concurrent.ThreadPoolExecutor.runWorker(ThreadPoolExecutor.java:1145)
	at java.util.concurrent.ThreadPoolExecutor$Worker.run(ThreadPoolExecutor.java:615)
	at java.lang.Thread.run(Thread.java:745)

2014-11-08 14:40:26.278 [pool-1-thread-1] WARNING com.objectaid.uml.java.JavaRelationshipCandidateFactory createIdentifier: Cannot find type 'String' referenced by '/sha/ch.marclandolt.spa.backend.XmppService'.
java.lang.Throwable: Cannot find type 'String' referenced by '/sha/ch.marclandolt.spa.backend.XmppService'.
	at com.objectaid.uml.java.JavaRelationshipCandidateFactory.createIdentifier(JavaRelationshipCandidateFactory.java:54)
	at com.objectaid.uml.java.AssociationCandidateFactory.addCandidates(AssociationCandidateFactory.java:136)
	at com.objectaid.uml.java.AssociationCandidateFactory.createCandidates(AssociationCandidateFactory.java:77)
	at com.objectaid.uml.model.impl.RelationshipCandidateFactory.getCandidates(RelationshipCandidateFactory.java:54)
	at com.objectaid.uml.cls.model.RelationshipFactory.getCandidates(RelationshipFactory.java:245)
	at com.objectaid.uml.cls.model.definition.RelationshipDefinition.validateEnd(RelationshipDefinition.java:91)
	at com.objectaid.uml.cls.model.definition.AssociationDefinition.validateEnd(AssociationDefinition.java:131)
	at com.objectaid.uml.cls.model.definition.AssociationDefinition.validateEnd(AssociationDefinition.java:32)
	at com.objectaid.uml.cls.model.definition.RelationshipDefinition.doConnect(RelationshipDefinition.java:64)
	at com.objectaid.uml.cls.model.definition.RelationshipDefinition.doConnect(RelationshipDefinition.java:35)
	at com.objectaid.uml.model.definition.ModelDefinition.connect(ModelDefinition.java:228)
	at com.objectaid.uml.model.persistence.UnmarshalDiagramVisitor.doVisit(UnmarshalDiagramVisitor.java:75)
	at com.objectaid.uml.model.persistence.UnmarshalDiagramVisitor.doVisit(UnmarshalDiagramVisitor.java:26)
	at com.objectaid.uml.util.collection.GenericVisitor.visit(GenericVisitor.java:40)
	at com.objectaid.uml.model.persistence.PersistedConnection.accept(PersistedConnection.java:39)
	at com.objectaid.uml.model.persistence.PersistedDiagram.accept(PersistedDiagram.java:45)
	at com.objectaid.uml.model.diagram.DiagramFactory.unmarshal(DiagramFactory.java:243)
	at com.objectaid.uml.model.DiagramHandle.unmarshalModel(DiagramHandle.java:206)
	at com.objectaid.uml.model.DiagramHandle.unmarshal(DiagramHandle.java:155)
	at com.objectaid.uml.model.manage.DiagramManager.add(DiagramManager.java:104)
	at com.objectaid.uml.model.manage.StartupJob$2.run(StartupJob.java:83)
	at java.util.concurrent.ThreadPoolExecutor.runWorker(ThreadPoolExecutor.java:1145)
	at java.util.concurrent.ThreadPoolExecutor$Worker.run(ThreadPoolExecutor.java:615)
	at java.lang.Thread.run(Thread.java:745)

2014-11-08 14:40:26.286 [pool-1-thread-1] WARNING com.objectaid.uml.java.JavaRelationshipCandidateFactory createIdentifier: Cannot find type 'String' referenced by '/sha/ch.marclandolt.spa.backend.XmppService'.
java.lang.Throwable: Cannot find type 'String' referenced by '/sha/ch.marclandolt.spa.backend.XmppService'.
	at com.objectaid.uml.java.JavaRelationshipCandidateFactory.createIdentifier(JavaRelationshipCandidateFactory.java:54)
	at com.objectaid.uml.java.AssociationCandidateFactory.addCandidates(AssociationCandidateFactory.java:136)
	at com.objectaid.uml.java.AssociationCandidateFactory.createCandidates(AssociationCandidateFactory.java:77)
	at com.objectaid.uml.model.impl.RelationshipCandidateFactory.getCandidates(RelationshipCandidateFactory.java:54)
	at com.objectaid.uml.cls.model.RelationshipFactory.getCandidates(RelationshipFactory.java:245)
	at com.objectaid.uml.cls.model.definition.RelationshipDefinition.validateEnd(RelationshipDefinition.java:91)
	at com.objectaid.uml.cls.model.definition.AssociationDefinition.validateEnd(AssociationDefinition.java:131)
	at com.objectaid.uml.cls.model.definition.AssociationDefinition.validateEnd(AssociationDefinition.java:32)
	at com.objectaid.uml.cls.model.definition.RelationshipDefinition.doConnect(RelationshipDefinition.java:64)
	at com.objectaid.uml.cls.model.definition.RelationshipDefinition.doConnect(RelationshipDefinition.java:35)
	at com.objectaid.uml.model.definition.ModelDefinition.connect(ModelDefinition.java:228)
	at com.objectaid.uml.model.persistence.UnmarshalDiagramVisitor.doVisit(UnmarshalDiagramVisitor.java:75)
	at com.objectaid.uml.model.persistence.UnmarshalDiagramVisitor.doVisit(UnmarshalDiagramVisitor.java:26)
	at com.objectaid.uml.util.collection.GenericVisitor.visit(GenericVisitor.java:40)
	at com.objectaid.uml.model.persistence.PersistedConnection.accept(PersistedConnection.java:39)
	at com.objectaid.uml.model.persistence.PersistedDiagram.accept(PersistedDiagram.java:45)
	at com.objectaid.uml.model.diagram.DiagramFactory.unmarshal(DiagramFactory.java:243)
	at com.objectaid.uml.model.DiagramHandle.unmarshalModel(DiagramHandle.java:206)
	at com.objectaid.uml.model.DiagramHandle.unmarshal(DiagramHandle.java:155)
	at com.objectaid.uml.model.manage.DiagramManager.add(DiagramManager.java:104)
	at com.objectaid.uml.model.manage.StartupJob$2.run(StartupJob.java:83)
	at java.util.concurrent.ThreadPoolExecutor.runWorker(ThreadPoolExecutor.java:1145)
	at java.util.concurrent.ThreadPoolExecutor$Worker.run(ThreadPoolExecutor.java:615)
	at java.lang.Thread.run(Thread.java:745)

2014-11-08 14:40:26.297 [pool-1-thread-1] WARNING com.objectaid.uml.java.JavaRelationshipCandidateFactory createIdentifier: Cannot find type 'String' referenced by '/sha/ch.marclandolt.spa.backend.XmppService'.
java.lang.Throwable: Cannot find type 'String' referenced by '/sha/ch.marclandolt.spa.backend.XmppService'.
	at com.objectaid.uml.java.JavaRelationshipCandidateFactory.createIdentifier(JavaRelationshipCandidateFactory.java:54)
	at com.objectaid.uml.java.AssociationCandidateFactory.addCandidates(AssociationCandidateFactory.java:136)
	at com.objectaid.uml.java.AssociationCandidateFactory.createCandidates(AssociationCandidateFactory.java:77)
	at com.objectaid.uml.model.impl.RelationshipCandidateFactory.getCandidates(RelationshipCandidateFactory.java:54)
	at com.objectaid.uml.cls.model.RelationshipFactory.getCandidates(RelationshipFactory.java:245)
	at com.objectaid.uml.cls.model.definition.RelationshipDefinition.validateEnd(RelationshipDefinition.java:91)
	at com.objectaid.uml.cls.model.definition.AssociationDefinition.validateEnd(AssociationDefinition.java:131)
	at com.objectaid.uml.cls.model.definition.AssociationDefinition.validateEnd(AssociationDefinition.java:32)
	at com.objectaid.uml.cls.model.definition.RelationshipDefinition.doConnect(RelationshipDefinition.java:64)
	at com.objectaid.uml.cls.model.definition.RelationshipDefinition.doConnect(RelationshipDefinition.java:35)
	at com.objectaid.uml.model.definition.ModelDefinition.connect(ModelDefinition.java:228)
	at com.objectaid.uml.model.persistence.UnmarshalDiagramVisitor.doVisit(UnmarshalDiagramVisitor.java:75)
	at com.objectaid.uml.model.persistence.UnmarshalDiagramVisitor.doVisit(UnmarshalDiagramVisitor.java:26)
	at com.objectaid.uml.util.collection.GenericVisitor.visit(GenericVisitor.java:40)
	at com.objectaid.uml.model.persistence.PersistedConnection.accept(PersistedConnection.java:39)
	at com.objectaid.uml.model.persistence.PersistedDiagram.accept(PersistedDiagram.java:45)
	at com.objectaid.uml.model.diagram.DiagramFactory.unmarshal(DiagramFactory.java:243)
	at com.objectaid.uml.model.DiagramHandle.unmarshalModel(DiagramHandle.java:206)
	at com.objectaid.uml.model.DiagramHandle.unmarshal(DiagramHandle.java:155)
	at com.objectaid.uml.model.manage.DiagramManager.add(DiagramManager.java:104)
	at com.objectaid.uml.model.manage.StartupJob$2.run(StartupJob.java:83)
	at java.util.concurrent.ThreadPoolExecutor.runWorker(ThreadPoolExecutor.java:1145)
	at java.util.concurrent.ThreadPoolExecutor$Worker.run(ThreadPoolExecutor.java:615)
	at java.lang.Thread.run(Thread.java:745)

2014-11-08 14:40:26.309 [pool-1-thread-1] WARNING com.objectaid.uml.java.JavaRelationshipCandidateFactory createIdentifier: Cannot find type 'android.media.Ringtone' referenced by '/sha/ch.marclandolt.spa.backend.XmppService'.
java.lang.Throwable: Cannot find type 'android.media.Ringtone' referenced by '/sha/ch.marclandolt.spa.backend.XmppService'.
	at com.objectaid.uml.java.JavaRelationshipCandidateFactory.createIdentifier(JavaRelationshipCandidateFactory.java:54)
	at com.objectaid.uml.java.AssociationCandidateFactory.addCandidates(AssociationCandidateFactory.java:136)
	at com.objectaid.uml.java.AssociationCandidateFactory.createCandidates(AssociationCandidateFactory.java:77)
	at com.objectaid.uml.model.impl.RelationshipCandidateFactory.getCandidates(RelationshipCandidateFactory.java:54)
	at com.objectaid.uml.cls.model.RelationshipFactory.getCandidates(RelationshipFactory.java:245)
	at com.objectaid.uml.cls.model.definition.RelationshipDefinition.validateEnd(RelationshipDefinition.java:91)
	at com.objectaid.uml.cls.model.definition.AssociationDefinition.validateEnd(AssociationDefinition.java:131)
	at com.objectaid.uml.cls.model.definition.AssociationDefinition.validateEnd(AssociationDefinition.java:32)
	at com.objectaid.uml.cls.model.definition.RelationshipDefinition.doConnect(RelationshipDefinition.java:64)
	at com.objectaid.uml.cls.model.definition.RelationshipDefinition.doConnect(RelationshipDefinition.java:35)
	at com.objectaid.uml.model.definition.ModelDefinition.connect(ModelDefinition.java:228)
	at com.objectaid.uml.model.persistence.UnmarshalDiagramVisitor.doVisit(UnmarshalDiagramVisitor.java:75)
	at com.objectaid.uml.model.persistence.UnmarshalDiagramVisitor.doVisit(UnmarshalDiagramVisitor.java:26)
	at com.objectaid.uml.util.collection.GenericVisitor.visit(GenericVisitor.java:40)
	at com.objectaid.uml.model.persistence.PersistedConnection.accept(PersistedConnection.java:39)
	at com.objectaid.uml.model.persistence.PersistedDiagram.accept(PersistedDiagram.java:45)
	at com.objectaid.uml.model.diagram.DiagramFactory.unmarshal(DiagramFactory.java:243)
	at com.objectaid.uml.model.DiagramHandle.unmarshalModel(DiagramHandle.java:206)
	at com.objectaid.uml.model.DiagramHandle.unmarshal(DiagramHandle.java:155)
	at com.objectaid.uml.model.manage.DiagramManager.add(DiagramManager.java:104)
	at com.objectaid.uml.model.manage.StartupJob$2.run(StartupJob.java:83)
	at java.util.concurrent.ThreadPoolExecutor.runWorker(ThreadPoolExecutor.java:1145)
	at java.util.concurrent.ThreadPoolExecutor$Worker.run(ThreadPoolExecutor.java:615)
	at java.lang.Thread.run(Thread.java:745)

2014-11-08 14:40:26.311 [pool-1-thread-1] WARNING com.objectaid.uml.java.JavaRelationshipCandidateFactory createIdentifier: Cannot find type 'android.content.BroadcastReceiver' referenced by '/sha/ch.marclandolt.spa.backend.XmppService'.
java.lang.Throwable: Cannot find type 'android.content.BroadcastReceiver' referenced by '/sha/ch.marclandolt.spa.backend.XmppService'.
	at com.objectaid.uml.java.JavaRelationshipCandidateFactory.createIdentifier(JavaRelationshipCandidateFactory.java:54)
	at com.objectaid.uml.java.AssociationCandidateFactory.addCandidates(AssociationCandidateFactory.java:136)
	at com.objectaid.uml.java.AssociationCandidateFactory.createCandidates(AssociationCandidateFactory.java:77)
	at com.objectaid.uml.model.impl.RelationshipCandidateFactory.getCandidates(RelationshipCandidateFactory.java:54)
	at com.objectaid.uml.cls.model.RelationshipFactory.getCandidates(RelationshipFactory.java:245)
	at com.objectaid.uml.cls.model.definition.RelationshipDefinition.validateEnd(RelationshipDefinition.java:91)
	at com.objectaid.uml.cls.model.definition.AssociationDefinition.validateEnd(AssociationDefinition.java:131)
	at com.objectaid.uml.cls.model.definition.AssociationDefinition.validateEnd(AssociationDefinition.java:32)
	at com.objectaid.uml.cls.model.definition.RelationshipDefinition.doConnect(RelationshipDefinition.java:64)
	at com.objectaid.uml.cls.model.definition.RelationshipDefinition.doConnect(RelationshipDefinition.java:35)
	at com.objectaid.uml.model.definition.ModelDefinition.connect(ModelDefinition.java:228)
	at com.objectaid.uml.model.persistence.UnmarshalDiagramVisitor.doVisit(UnmarshalDiagramVisitor.java:75)
	at com.objectaid.uml.model.persistence.UnmarshalDiagramVisitor.doVisit(UnmarshalDiagramVisitor.java:26)
	at com.objectaid.uml.util.collection.GenericVisitor.visit(GenericVisitor.java:40)
	at com.objectaid.uml.model.persistence.PersistedConnection.accept(PersistedConnection.java:39)
	at com.objectaid.uml.model.persistence.PersistedDiagram.accept(PersistedDiagram.java:45)
	at com.objectaid.uml.model.diagram.DiagramFactory.unmarshal(DiagramFactory.java:243)
	at com.objectaid.uml.model.DiagramHandle.unmarshalModel(DiagramHandle.java:206)
	at com.objectaid.uml.model.DiagramHandle.unmarshal(DiagramHandle.java:155)
	at com.objectaid.uml.model.manage.DiagramManager.add(DiagramManager.java:104)
	at com.objectaid.uml.model.manage.StartupJob$2.run(StartupJob.java:83)
	at java.util.concurrent.ThreadPoolExecutor.runWorker(ThreadPoolExecutor.java:1145)
	at java.util.concurrent.ThreadPoolExecutor$Worker.run(ThreadPoolExecutor.java:615)
	at java.lang.Thread.run(Thread.java:745)

2014-11-08 14:40:26.319 [pool-1-thread-1] WARNING com.objectaid.uml.java.JavaRelationshipCandidateFactory createIdentifier: Cannot find type 'String' referenced by '/sha/ch.marclandolt.spa.backend.SmackAsyncTask'.
java.lang.Throwable: Cannot find type 'String' referenced by '/sha/ch.marclandolt.spa.backend.SmackAsyncTask'.
	at com.objectaid.uml.java.JavaRelationshipCandidateFactory.createIdentifier(JavaRelationshipCandidateFactory.java:54)
	at com.objectaid.uml.java.AssociationCandidateFactory.addCandidates(AssociationCandidateFactory.java:136)
	at com.objectaid.uml.java.AssociationCandidateFactory.createCandidates(AssociationCandidateFactory.java:77)
	at com.objectaid.uml.model.impl.RelationshipCandidateFactory.getCandidates(RelationshipCandidateFactory.java:54)
	at com.objectaid.uml.cls.model.RelationshipFactory.getCandidates(RelationshipFactory.java:245)
	at com.objectaid.uml.cls.model.definition.RelationshipDefinition.validateEnd(RelationshipDefinition.java:91)
	at com.objectaid.uml.cls.model.definition.AssociationDefinition.validateEnd(AssociationDefinition.java:131)
	at com.objectaid.uml.cls.model.definition.AssociationDefinition.validateEnd(AssociationDefinition.java:32)
	at com.objectaid.uml.cls.model.definition.RelationshipDefinition.doConnect(RelationshipDefinition.java:64)
	at com.objectaid.uml.cls.model.definition.RelationshipDefinition.doConnect(RelationshipDefinition.java:35)
	at com.objectaid.uml.model.definition.ModelDefinition.connect(ModelDefinition.java:228)
	at com.objectaid.uml.model.persistence.UnmarshalDiagramVisitor.doVisit(UnmarshalDiagramVisitor.java:75)
	at com.objectaid.uml.model.persistence.UnmarshalDiagramVisitor.doVisit(UnmarshalDiagramVisitor.java:26)
	at com.objectaid.uml.util.collection.GenericVisitor.visit(GenericVisitor.java:40)
	at com.objectaid.uml.model.persistence.PersistedConnection.accept(PersistedConnection.java:39)
	at com.objectaid.uml.model.persistence.PersistedDiagram.accept(PersistedDiagram.java:45)
	at com.objectaid.uml.model.diagram.DiagramFactory.unmarshal(DiagramFactory.java:243)
	at com.objectaid.uml.model.DiagramHandle.unmarshalModel(DiagramHandle.java:206)
	at com.objectaid.uml.model.DiagramHandle.unmarshal(DiagramHandle.java:155)
	at com.objectaid.uml.model.manage.DiagramManager.add(DiagramManager.java:104)
	at com.objectaid.uml.model.manage.StartupJob$2.run(StartupJob.java:83)
	at java.util.concurrent.ThreadPoolExecutor.runWorker(ThreadPoolExecutor.java:1145)
	at java.util.concurrent.ThreadPoolExecutor$Worker.run(ThreadPoolExecutor.java:615)
	at java.lang.Thread.run(Thread.java:745)

2014-11-08 14:40:26.368 [pool-1-thread-1] WARNING com.objectaid.uml.java.JavaRelationshipCandidateFactory createIdentifier: Cannot find type 'String' referenced by '/sha/ch.marclandolt.spa.backend.ManagementChatMessageListener'.
java.lang.Throwable: Cannot find type 'String' referenced by '/sha/ch.marclandolt.spa.backend.ManagementChatMessageListener'.
	at com.objectaid.uml.java.JavaRelationshipCandidateFactory.createIdentifier(JavaRelationshipCandidateFactory.java:54)
	at com.objectaid.uml.java.AssociationCandidateFactory.addCandidates(AssociationCandidateFactory.java:136)
	at com.objectaid.uml.java.AssociationCandidateFactory.createCandidates(AssociationCandidateFactory.java:77)
	at com.objectaid.uml.model.impl.RelationshipCandidateFactory.getCandidates(RelationshipCandidateFactory.java:54)
	at com.objectaid.uml.cls.model.RelationshipFactory.getCandidates(RelationshipFactory.java:245)
	at com.objectaid.uml.cls.model.definition.RelationshipDefinition.validateEnd(RelationshipDefinition.java:91)
	at com.objectaid.uml.cls.model.definition.AssociationDefinition.validateEnd(AssociationDefinition.java:131)
	at com.objectaid.uml.cls.model.definition.AssociationDefinition.validateEnd(AssociationDefinition.java:32)
	at com.objectaid.uml.cls.model.definition.RelationshipDefinition.doConnect(RelationshipDefinition.java:64)
	at com.objectaid.uml.cls.model.definition.RelationshipDefinition.doConnect(RelationshipDefinition.java:35)
	at com.objectaid.uml.model.definition.ModelDefinition.connect(ModelDefinition.java:228)
	at com.objectaid.uml.model.persistence.UnmarshalDiagramVisitor.doVisit(UnmarshalDiagramVisitor.java:75)
	at com.objectaid.uml.model.persistence.UnmarshalDiagramVisitor.doVisit(UnmarshalDiagramVisitor.java:26)
	at com.objectaid.uml.util.collection.GenericVisitor.visit(GenericVisitor.java:40)
	at com.objectaid.uml.model.persistence.PersistedConnection.accept(PersistedConnection.java:39)
	at com.objectaid.uml.model.persistence.PersistedDiagram.accept(PersistedDiagram.java:45)
	at com.objectaid.uml.model.diagram.DiagramFactory.unmarshal(DiagramFactory.java:243)
	at com.objectaid.uml.model.DiagramHandle.unmarshalModel(DiagramHandle.java:206)
	at com.objectaid.uml.model.DiagramHandle.unmarshal(DiagramHandle.java:155)
	at com.objectaid.uml.model.manage.DiagramManager.add(DiagramManager.java:104)
	at com.objectaid.uml.model.manage.StartupJob$2.run(StartupJob.java:83)
	at java.util.concurrent.ThreadPoolExecutor.runWorker(ThreadPoolExecutor.java:1145)
	at java.util.concurrent.ThreadPoolExecutor$Worker.run(ThreadPoolExecutor.java:615)
	at java.lang.Thread.run(Thread.java:745)

2014-11-08 14:40:26.406 [pool-1-thread-1] WARNING com.objectaid.uml.java.JavaRelationshipCandidateFactory createIdentifier: Cannot find type 'String' referenced by '/sha/ch.marclandolt.spa.ui.activities.MainActivity'.
java.lang.Throwable: Cannot find type 'String' referenced by '/sha/ch.marclandolt.spa.ui.activities.MainActivity'.
	at com.objectaid.uml.java.JavaRelationshipCandidateFactory.createIdentifier(JavaRelationshipCandidateFactory.java:54)
	at com.objectaid.uml.java.AssociationCandidateFactory.addCandidates(AssociationCandidateFactory.java:136)
	at com.objectaid.uml.java.AssociationCandidateFactory.createCandidates(AssociationCandidateFactory.java:77)
	at com.objectaid.uml.model.impl.RelationshipCandidateFactory.getCandidates(RelationshipCandidateFactory.java:54)
	at com.objectaid.uml.cls.model.RelationshipFactory.getCandidates(RelationshipFactory.java:245)
	at com.objectaid.uml.cls.model.definition.RelationshipDefinition.validateEnd(RelationshipDefinition.java:91)
	at com.objectaid.uml.cls.model.definition.AssociationDefinition.validateEnd(AssociationDefinition.java:131)
	at com.objectaid.uml.cls.model.definition.AssociationDefinition.validateEnd(AssociationDefinition.java:32)
	at com.objectaid.uml.cls.model.definition.RelationshipDefinition.doConnect(RelationshipDefinition.java:64)
	at com.objectaid.uml.cls.model.definition.RelationshipDefinition.doConnect(RelationshipDefinition.java:35)
	at com.objectaid.uml.model.definition.ModelDefinition.connect(ModelDefinition.java:228)
	at com.objectaid.uml.model.persistence.UnmarshalDiagramVisitor.doVisit(UnmarshalDiagramVisitor.java:75)
	at com.objectaid.uml.model.persistence.UnmarshalDiagramVisitor.doVisit(UnmarshalDiagramVisitor.java:26)
	at com.objectaid.uml.util.collection.GenericVisitor.visit(GenericVisitor.java:40)
	at com.objectaid.uml.model.persistence.PersistedConnection.accept(PersistedConnection.java:39)
	at com.objectaid.uml.model.persistence.PersistedDiagram.accept(PersistedDiagram.java:45)
	at com.objectaid.uml.model.diagram.DiagramFactory.unmarshal(DiagramFactory.java:243)
	at com.objectaid.uml.model.DiagramHandle.unmarshalModel(DiagramHandle.java:206)
	at com.objectaid.uml.model.DiagramHandle.unmarshal(DiagramHandle.java:155)
	at com.objectaid.uml.model.manage.DiagramManager.add(DiagramManager.java:104)
	at com.objectaid.uml.model.manage.StartupJob$2.run(StartupJob.java:83)
	at java.util.concurrent.ThreadPoolExecutor.runWorker(ThreadPoolExecutor.java:1145)
	at java.util.concurrent.ThreadPoolExecutor$Worker.run(ThreadPoolExecutor.java:615)
	at java.lang.Thread.run(Thread.java:745)

2014-11-08 14:40:26.416 [pool-1-thread-1] WARNING com.objectaid.uml.java.JavaRelationshipCandidateFactory createIdentifier: Cannot find type 'String' referenced by '/sha/ch.marclandolt.spa.backend.ChatMessageListener'.
java.lang.Throwable: Cannot find type 'String' referenced by '/sha/ch.marclandolt.spa.backend.ChatMessageListener'.
	at com.objectaid.uml.java.JavaRelationshipCandidateFactory.createIdentifier(JavaRelationshipCandidateFactory.java:54)
	at com.objectaid.uml.java.AssociationCandidateFactory.addCandidates(AssociationCandidateFactory.java:136)
	at com.objectaid.uml.java.AssociationCandidateFactory.createCandidates(AssociationCandidateFactory.java:77)
	at com.objectaid.uml.model.impl.RelationshipCandidateFactory.getCandidates(RelationshipCandidateFactory.java:54)
	at com.objectaid.uml.cls.model.RelationshipFactory.getCandidates(RelationshipFactory.java:245)
	at com.objectaid.uml.cls.model.definition.RelationshipDefinition.validateEnd(RelationshipDefinition.java:91)
	at com.objectaid.uml.cls.model.definition.AssociationDefinition.validateEnd(AssociationDefinition.java:131)
	at com.objectaid.uml.cls.model.definition.AssociationDefinition.validateEnd(AssociationDefinition.java:32)
	at com.objectaid.uml.cls.model.definition.RelationshipDefinition.doConnect(RelationshipDefinition.java:64)
	at com.objectaid.uml.cls.model.definition.RelationshipDefinition.doConnect(RelationshipDefinition.java:35)
	at com.objectaid.uml.model.definition.ModelDefinition.connect(ModelDefinition.java:228)
	at com.objectaid.uml.model.persistence.UnmarshalDiagramVisitor.doVisit(UnmarshalDiagramVisitor.java:75)
	at com.objectaid.uml.model.persistence.UnmarshalDiagramVisitor.doVisit(UnmarshalDiagramVisitor.java:26)
	at com.objectaid.uml.util.collection.GenericVisitor.visit(GenericVisitor.java:40)
	at com.objectaid.uml.model.persistence.PersistedConnection.accept(PersistedConnection.java:39)
	at com.objectaid.uml.model.persistence.PersistedDiagram.accept(PersistedDiagram.java:45)
	at com.objectaid.uml.model.diagram.DiagramFactory.unmarshal(DiagramFactory.java:243)
	at com.objectaid.uml.model.DiagramHandle.unmarshalModel(DiagramHandle.java:206)
	at com.objectaid.uml.model.DiagramHandle.unmarshal(DiagramHandle.java:155)
	at com.objectaid.uml.model.manage.DiagramManager.add(DiagramManager.java:104)
	at com.objectaid.uml.model.manage.StartupJob$2.run(StartupJob.java:83)
	at java.util.concurrent.ThreadPoolExecutor.runWorker(ThreadPoolExecutor.java:1145)
	at java.util.concurrent.ThreadPoolExecutor$Worker.run(ThreadPoolExecutor.java:615)
	at java.lang.Thread.run(Thread.java:745)

